<?xml version="1.0" encoding="utf-8"?><testsuites name="pytest tests"><testsuite name="pytest" errors="0" failures="2" skipped="0" tests="26" time="6.751" timestamp="2026-08-14T21:52:38.231890+00:00" hostname="agent-env-7ae5d2b9-6e2d-493b-a76a-db5d39ba695f"><testcase classname="tests.test_core_api" name="test_dashboard_returns_metrics" time="0.249" /><testcase classname="tests.test_auth_payment_member" name="test_auth_me_rejects_missing_session" time="0.249" /><testcase classname="tests.test_auth_payment_member" name="test_auth_me_accepts_seeded_free_bearer_session" time="0.119" /><testcase classname="tests.test_core_api" name="test_mood_create_and_list_persistence" time="0.222" /><testcase classname="tests.test_auth_payment_member" name="test_auth_me_accepts_seeded_premium_bearer_session" time="0.129" /><testcase classname="tests.test_core_api" name="test_journal_create_and_list_persistence" time="0.186" /><testcase classname="tests.test_auth_payment_member" name="test_profile_preview_known_date_and_numerology_values" time="0.161" /><testcase classname="tests.test_core_api" name="test_tarot_draw_returns_three_cards" time="0.125" /><testcase classname="tests.test_auth_payment_member" name="test_human_design_and_kabbalah_are_transparent_not_fake" time="0.125" /><testcase classname="tests.test_core_api" name="test_companion_returns_guided_response" time="0.106" /><testcase classname="tests.test_auth_payment_member" name="test_payment_plans_return_expected_prices" time="0.100" /><testcase classname="tests.test_auth_payment_member" name="test_checkout_requires_authenticated_user" time="0.131" /><testcase classname="tests.test_core_api" name="test_companion_stream_returns_sse_and_done_event" time="4.779" /><testcase classname="tests.test_auth_payment_member" name="test_checkout_rejects_unknown_lookup_key" time="0.228" /><testcase classname="tests.test_auth_payment_member" name="test_checkout_rejects_malicious_origin_url" time="0.134" /><testcase classname="tests.test_auth_payment_member" name="test_checkout_creates_real_test_mode_session_for_allowed_origin" time="1.200" /><testcase classname="tests.test_auth_payment_member" name="test_payment_status_unknown_session_is_safe" time="0.101" /><testcase classname="tests.test_auth_payment_member" name="test_free_member_cannot_access_premium_member_endpoints" time="0.271" /><testcase classname="tests.test_auth_payment_member" name="test_premium_member_can_access_events_send_message_and_booking" time="0.247" /><testcase classname="tests.test_companion_branches" name="test_companion_default_path_returns_non_empty_response_and_invitation" time="0.109" /><testcase classname="tests.test_companion_branches" name="test_companion_stuck_path_returns_specific_branch_copy" time="0.110" /><testcase classname="tests.test_companion_branches" name="test_companion_anxious_path_returns_specific_branch_copy" time="0.104" /><testcase classname="tests.test_subscribers_cors" name="test_subscriber_create_and_duplicate_are_idempotent" time="0.304" /><testcase classname="tests.test_subscribers_cors" name="test_subscriber_invalid_email_returns_422" time="0.104" /><testcase classname="tests.test_subscribers_cors" name="test_cors_preflight_allows_configured_origin_without_wildcard" time="0.064"><failure message="AssertionError: assert '*' == 'https://neur...gentagent.com'&#10;  &#10;  - https://neural-shane-1.preview.emergentagent.com&#10;  + *">backend/tests/test_subscribers_cors.py:60: in test_cors_preflight_allows_configured_origin_without_wildcard
    assert response.headers.get("access-control-allow-origin") == ALLOWED_ORIGIN
E   AssertionError: assert '*' == 'https://neur...gentagent.com'
E     
E     - https://neural-shane-1.preview.emergentagent.com
E     + *</failure></testcase><testcase classname="tests.test_subscribers_cors" name="test_cors_preflight_blocks_disallowed_origin" time="0.065"><failure message="assert 204 == 400&#10; +  where 204 = &lt;Response [204]&gt;.status_code">backend/tests/test_subscribers_cors.py:74: in test_cors_preflight_blocks_disallowed_origin
    assert response.status_code == 400
E   assert 204 == 400
E    +  where 204 = &lt;Response [204]&gt;.status_code</failure></testcase></testsuite></testsuites>