<?xml version="1.0" encoding="utf-8"?><testsuites name="pytest tests"><testsuite name="pytest" errors="0" failures="0" skipped="0" tests="30" time="5.965" timestamp="2026-08-14T22:06:22.332259+00:00" hostname="agent-env-7ae5d2b9-6e2d-493b-a76a-db5d39ba695f"><testcase classname="tests.test_core_api" name="test_dashboard_returns_metrics" time="0.188" /><testcase classname="tests.test_auth_payment_member" name="test_auth_me_rejects_missing_session" time="0.161" /><testcase classname="tests.test_auth_payment_member" name="test_auth_me_accepts_seeded_free_bearer_session" time="0.119" /><testcase classname="tests.test_core_api" name="test_mood_create_and_list_persistence" time="0.231" /><testcase classname="tests.test_auth_payment_member" name="test_auth_me_accepts_seeded_premium_bearer_session" time="0.267" /><testcase classname="tests.test_core_api" name="test_journal_create_and_list_persistence" time="0.149" /><testcase classname="tests.test_auth_payment_member" name="test_profile_preview_known_date_and_numerology_values" time="0.107" /><testcase classname="tests.test_core_api" name="test_tarot_draw_returns_three_cards" time="0.102" /><testcase classname="tests.test_auth_payment_member" name="test_human_design_and_kabbalah_are_transparent_not_fake" time="0.114" /><testcase classname="tests.test_core_api" name="test_companion_returns_guided_response" time="0.207" /><testcase classname="tests.test_auth_payment_member" name="test_payment_plans_return_expected_prices" time="0.124" /><testcase classname="tests.test_core_api" name="test_companion_stream_returns_sse_and_done_event" time="4.383" /><testcase classname="tests.test_auth_payment_member" name="test_checkout_requires_authenticated_user" time="0.188" /><testcase classname="tests.test_auth_payment_member" name="test_checkout_rejects_unknown_lookup_key" time="0.129" /><testcase classname="tests.test_auth_payment_member" name="test_checkout_rejects_malicious_origin_url" time="0.116" /><testcase classname="tests.test_auth_payment_member" name="test_checkout_creates_real_test_mode_session_for_allowed_origin" time="1.201" /><testcase classname="tests.test_auth_payment_member" name="test_payment_status_unknown_session_is_safe" time="0.117" /><testcase classname="tests.test_auth_payment_member" name="test_free_member_cannot_access_premium_member_endpoints" time="0.238" /><testcase classname="tests.test_auth_payment_member" name="test_premium_member_can_access_events_send_message_and_booking" time="0.216" /><testcase classname="tests.test_subscribers_cors" name="test_subscriber_create_and_duplicate_are_idempotent" time="0.214" /><testcase classname="tests.test_subscribers_cors" name="test_subscriber_invalid_email_returns_422" time="0.103" /><testcase classname="tests.test_subscribers_cors" name="test_cors_preflight_allows_configured_origin_without_wildcard" time="0.002" /><testcase classname="tests.test_subscribers_cors" name="test_cors_preflight_blocks_disallowed_origin" time="0.001" /><testcase classname="tests.test_companion_branches" name="test_companion_default_path_returns_non_empty_response_and_invitation" time="0.114" /><testcase classname="tests.test_companion_branches" name="test_companion_stuck_path_returns_specific_branch_copy" time="0.116" /><testcase classname="tests.test_companion_branches" name="test_companion_anxious_path_returns_specific_branch_copy" time="0.118" /><testcase classname="tests.test_cors_app_vs_ingress" name="test_localhost_preflight_allows_configured_origin_exactly" time="0.002" /><testcase classname="tests.test_cors_app_vs_ingress" name="test_localhost_preflight_rejects_disallowed_origin" time="0.001" /><testcase classname="tests.test_cors_app_vs_ingress" name="test_preview_preflight_allowed_origin_is_currently_wildcard" time="0.106" /><testcase classname="tests.test_cors_app_vs_ingress" name="test_preview_preflight_disallowed_origin_is_currently_wildcard" time="0.068" /></testsuite></testsuites>